2013/08/01 15:36:48 [error] [system.db.CDbCommand] CDbCommand::fetch() failed: SQLSTATE[42S22]: Column not found: 1054 Unknown column 'username' in 'where clause'. The SQL statement executed was: SELECT * FROM `user` `t` WHERE LOWER(username) = :username LIMIT 1.
in /var/www/sandbook/sandbook/protected/components/UserIdentity.php (28)
in /var/www/sandbook/sandbook/protected/models/LoginForm.php (52)
in /var/www/sandbook/sandbook/protected/controllers/SiteController.php (94)
2013/08/01 15:36:48 [error] [exception.CDbException] exception 'CDbException' with message 'CDbCommand failed to execute the SQL statement: SQLSTATE[42S22]: Column not found: 1054 Unknown column 'username' in 'where clause'. The SQL statement executed was: SELECT * FROM `user` `t` WHERE LOWER(username) = :username LIMIT 1' in /var/www/sandbook/framework/db/CDbCommand.php:541
Stack trace:
#0 /var/www/sandbook/framework/db/CDbCommand.php(414): CDbCommand->queryInternal('fetch', Array, Array)
#1 /var/www/sandbook/framework/db/ar/CActiveRecord.php(1297): CDbCommand->queryRow()
#2 /var/www/sandbook/framework/db/ar/CActiveRecord.php(1402): CActiveRecord->query(Object(CDbCriteria))
#3 /var/www/sandbook/sandbook/protected/components/UserIdentity.php(28): CActiveRecord->find('LOWER(username)...', Array)
#4 /var/www/sandbook/sandbook/protected/models/LoginForm.php(52): UserIdentity->authenticate()
#5 /var/www/sandbook/framework/validators/CInlineValidator.php(42): LoginForm->authenticate('password', Array)
#6 /var/www/sandbook/framework/validators/CValidator.php(213): CInlineValidator->validateAttribute(Object(LoginForm), 'password')
#7 /var/www/sandbook/framework/base/CModel.php(159): CValidator->validate(Object(LoginForm), NULL)
#8 /var/www/sandbook/sandbook/protected/controllers/SiteController.php(94): CModel->validate()
#9 /var/www/sandbook/framework/web/actions/CInlineAction.php(49): SiteController->actionLogin()
#10 /var/www/sandbook/framework/web/CController.php(308): CInlineAction->runWithParams(Array)
#11 /var/www/sandbook/framework/web/CController.php(286): CController->runAction(Object(CInlineAction))
#12 /var/www/sandbook/framework/web/CController.php(265): CController->runActionWithFilters(Object(CInlineAction), Array)
#13 /var/www/sandbook/framework/web/CWebApplication.php(282): CController->run('login')
#14 /var/www/sandbook/framework/web/CWebApplication.php(141): CWebApplication->runController('site/login')
#15 /var/www/sandbook/framework/base/CApplication.php(169): CWebApplication->processRequest()
#16 /var/www/sandbook/sandbook/index.php(13): CApplication->run()
#17 {main}
REQUEST_URI=/index.php/site/login
HTTP_REFERER=http://sandbook/index.php/site/login
---
2013/08/01 15:38:34 [error] [system.db.CDbCommand] CDbCommand::fetch() failed: SQLSTATE[42S22]: Column not found: 1054 Unknown column 'username' in 'where clause'. The SQL statement executed was: SELECT * FROM `user` `t` WHERE LOWER(username) = :username LIMIT 1.
in /var/www/sandbook/sandbook/protected/components/UserIdentity.php (28)
in /var/www/sandbook/sandbook/protected/models/LoginForm.php (52)
in /var/www/sandbook/sandbook/protected/controllers/SiteController.php (94)
2013/08/01 15:38:34 [error] [exception.CDbException] exception 'CDbException' with message 'CDbCommand failed to execute the SQL statement: SQLSTATE[42S22]: Column not found: 1054 Unknown column 'username' in 'where clause'. The SQL statement executed was: SELECT * FROM `user` `t` WHERE LOWER(username) = :username LIMIT 1' in /var/www/sandbook/framework/db/CDbCommand.php:541
Stack trace:
#0 /var/www/sandbook/framework/db/CDbCommand.php(414): CDbCommand->queryInternal('fetch', Array, Array)
#1 /var/www/sandbook/framework/db/ar/CActiveRecord.php(1297): CDbCommand->queryRow()
#2 /var/www/sandbook/framework/db/ar/CActiveRecord.php(1402): CActiveRecord->query(Object(CDbCriteria))
#3 /var/www/sandbook/sandbook/protected/components/UserIdentity.php(28): CActiveRecord->find('LOWER(username)...', Array)
#4 /var/www/sandbook/sandbook/protected/models/LoginForm.php(52): UserIdentity->authenticate()
#5 /var/www/sandbook/framework/validators/CInlineValidator.php(42): LoginForm->authenticate('password', Array)
#6 /var/www/sandbook/framework/validators/CValidator.php(213): CInlineValidator->validateAttribute(Object(LoginForm), 'password')
#7 /var/www/sandbook/framework/base/CModel.php(159): CValidator->validate(Object(LoginForm), NULL)
#8 /var/www/sandbook/sandbook/protected/controllers/SiteController.php(94): CModel->validate()
#9 /var/www/sandbook/framework/web/actions/CInlineAction.php(49): SiteController->actionLogin()
#10 /var/www/sandbook/framework/web/CController.php(308): CInlineAction->runWithParams(Array)
#11 /var/www/sandbook/framework/web/CController.php(286): CController->runAction(Object(CInlineAction))
#12 /var/www/sandbook/framework/web/CController.php(265): CController->runActionWithFilters(Object(CInlineAction), Array)
#13 /var/www/sandbook/framework/web/CWebApplication.php(282): CController->run('login')
#14 /var/www/sandbook/framework/web/CWebApplication.php(141): CWebApplication->runController('site/login')
#15 /var/www/sandbook/framework/base/CApplication.php(169): CWebApplication->processRequest()
#16 /var/www/sandbook/sandbook/index.php(13): CApplication->run()
#17 {main}
REQUEST_URI=/index.php/site/login
HTTP_REFERER=http://sandbook/index.php/site/login
---
2013/08/01 15:38:38 [error] [exception.CException] exception 'CException' with message 'Property "LoginForm.email" is not defined.' in /var/www/sandbook/framework/base/CComponent.php:130
Stack trace:
#0 /var/www/sandbook/framework/web/helpers/CHtml.php(2255): CComponent->__get('email')
#1 /var/www/sandbook/framework/web/helpers/CHtml.php(1980): CHtml::resolveValue(Object(LoginForm), 'email')
#2 /var/www/sandbook/framework/web/helpers/CHtml.php(1257): CHtml::activeInputField('text', Object(LoginForm), 'email', Array)
#3 /var/www/sandbook/framework/web/widgets/CActiveForm.php(657): CHtml::activeTextField(Object(LoginForm), 'email', Array)
#4 /var/www/sandbook/sandbook/protected/views/site/login.php(29): CActiveForm->textField(Object(LoginForm), 'email')
#5 /var/www/sandbook/framework/web/CBaseController.php(126): require('/var/www/sandbo...')
#6 /var/www/sandbook/framework/web/CBaseController.php(95): CBaseController->renderInternal('/var/www/sandbo...', Array, true)
#7 /var/www/sandbook/framework/web/CController.php(869): CBaseController->renderFile('/var/www/sandbo...', Array, true)
#8 /var/www/sandbook/framework/web/CController.php(782): CController->renderPartial('login', Array, true)
#9 /var/www/sandbook/sandbook/protected/controllers/SiteController.php(98): CController->render('login', Array)
#10 /var/www/sandbook/framework/web/actions/CInlineAction.php(49): SiteController->actionLogin()
#11 /var/www/sandbook/framework/web/CController.php(308): CInlineAction->runWithParams(Array)
#12 /var/www/sandbook/framework/web/CController.php(286): CController->runAction(Object(CInlineAction))
#13 /var/www/sandbook/framework/web/CController.php(265): CController->runActionWithFilters(Object(CInlineAction), Array)
#14 /var/www/sandbook/framework/web/CWebApplication.php(282): CController->run('login')
#15 /var/www/sandbook/framework/web/CWebApplication.php(141): CWebApplication->runController('site/login')
#16 /var/www/sandbook/framework/base/CApplication.php(169): CWebApplication->processRequest()
#17 /var/www/sandbook/sandbook/index.php(13): CApplication->run()
#18 {main}
REQUEST_URI=/index.php/site/login
---
2013/08/01 15:39:29 [error] [system.db.CDbCommand] CDbCommand::fetch() failed: SQLSTATE[42S22]: Column not found: 1054 Unknown column 'username' in 'where clause'. The SQL statement executed was: SELECT * FROM `user` `t` WHERE LOWER(username) = :username LIMIT 1.
in /var/www/sandbook/sandbook/protected/components/UserIdentity.php (28)
in /var/www/sandbook/sandbook/protected/models/LoginForm.php (52)
in /var/www/sandbook/sandbook/protected/controllers/SiteController.php (94)
2013/08/01 15:39:29 [error] [exception.CDbException] exception 'CDbException' with message 'CDbCommand failed to execute the SQL statement: SQLSTATE[42S22]: Column not found: 1054 Unknown column 'username' in 'where clause'. The SQL statement executed was: SELECT * FROM `user` `t` WHERE LOWER(username) = :username LIMIT 1' in /var/www/sandbook/framework/db/CDbCommand.php:541
Stack trace:
#0 /var/www/sandbook/framework/db/CDbCommand.php(414): CDbCommand->queryInternal('fetch', Array, Array)
#1 /var/www/sandbook/framework/db/ar/CActiveRecord.php(1297): CDbCommand->queryRow()
#2 /var/www/sandbook/framework/db/ar/CActiveRecord.php(1402): CActiveRecord->query(Object(CDbCriteria))
#3 /var/www/sandbook/sandbook/protected/components/UserIdentity.php(28): CActiveRecord->find('LOWER(username)...', Array)
#4 /var/www/sandbook/sandbook/protected/models/LoginForm.php(52): UserIdentity->authenticate()
#5 /var/www/sandbook/framework/validators/CInlineValidator.php(42): LoginForm->authenticate('password', Array)
#6 /var/www/sandbook/framework/validators/CValidator.php(213): CInlineValidator->validateAttribute(Object(LoginForm), 'password')
#7 /var/www/sandbook/framework/base/CModel.php(159): CValidator->validate(Object(LoginForm), NULL)
#8 /var/www/sandbook/sandbook/protected/controllers/SiteController.php(94): CModel->validate()
#9 /var/www/sandbook/framework/web/actions/CInlineAction.php(49): SiteController->actionLogin()
#10 /var/www/sandbook/framework/web/CController.php(308): CInlineAction->runWithParams(Array)
#11 /var/www/sandbook/framework/web/CController.php(286): CController->runAction(Object(CInlineAction))
#12 /var/www/sandbook/framework/web/CController.php(265): CController->runActionWithFilters(Object(CInlineAction), Array)
#13 /var/www/sandbook/framework/web/CWebApplication.php(282): CController->run('login')
#14 /var/www/sandbook/framework/web/CWebApplication.php(141): CWebApplication->runController('site/login')
#15 /var/www/sandbook/framework/base/CApplication.php(169): CWebApplication->processRequest()
#16 /var/www/sandbook/sandbook/index.php(13): CApplication->run()
#17 {main}
REQUEST_URI=/index.php/site/login
HTTP_REFERER=http://sandbook/index.php/site/login
---
2013/08/01 16:04:52 [error] [exception.CHttpException.404] exception 'CHttpException' with message 'The system is unable to find the requested action "registration".' in /var/www/sandbook/framework/web/CController.php:483
Stack trace:
#0 /var/www/sandbook/framework/web/CController.php(270): CController->missingAction('registration')
#1 /var/www/sandbook/framework/web/CWebApplication.php(282): CController->run('registration')
#2 /var/www/sandbook/framework/web/CWebApplication.php(141): CWebApplication->runController('site/registrati...')
#3 /var/www/sandbook/framework/base/CApplication.php(169): CWebApplication->processRequest()
#4 /var/www/sandbook/sandbook/index.php(13): CApplication->run()
#5 {main}
REQUEST_URI=/index.php/site/registration
---
2013/08/01 16:05:00 [error] [exception.CHttpException.404] exception 'CHttpException' with message 'The system is unable to find the requested action "registration".' in /var/www/sandbook/framework/web/CController.php:483
Stack trace:
#0 /var/www/sandbook/framework/web/CController.php(270): CController->missingAction('registration')
#1 /var/www/sandbook/framework/web/CWebApplication.php(282): CController->run('registration')
#2 /var/www/sandbook/framework/web/CWebApplication.php(141): CWebApplication->runController('site/registrati...')
#3 /var/www/sandbook/framework/base/CApplication.php(169): CWebApplication->processRequest()
#4 /var/www/sandbook/sandbook/index.php(13): CApplication->run()
#5 {main}
REQUEST_URI=/index.php/site/registration
---
2013/08/01 16:07:47 [error] [system.db.CDbCommand] CDbCommand::fetch() failed: SQLSTATE[42S22]: Column not found: 1054 Unknown column 'username' in 'where clause'. The SQL statement executed was: SELECT * FROM `user` `t` WHERE LOWER(username) = :email LIMIT 1.
in /var/www/sandbook/sandbook/protected/components/UserIdentity.php (28)
in /var/www/sandbook/sandbook/protected/models/LoginForm.php (52)
in /var/www/sandbook/sandbook/protected/controllers/SiteController.php (94)
2013/08/01 16:07:47 [error] [exception.CDbException] exception 'CDbException' with message 'CDbCommand failed to execute the SQL statement: SQLSTATE[42S22]: Column not found: 1054 Unknown column 'username' in 'where clause'. The SQL statement executed was: SELECT * FROM `user` `t` WHERE LOWER(username) = :email LIMIT 1' in /var/www/sandbook/framework/db/CDbCommand.php:541
Stack trace:
#0 /var/www/sandbook/framework/db/CDbCommand.php(414): CDbCommand->queryInternal('fetch', Array, Array)
#1 /var/www/sandbook/framework/db/ar/CActiveRecord.php(1297): CDbCommand->queryRow()
#2 /var/www/sandbook/framework/db/ar/CActiveRecord.php(1402): CActiveRecord->query(Object(CDbCriteria))
#3 /var/www/sandbook/sandbook/protected/components/UserIdentity.php(28): CActiveRecord->find('LOWER(username)...', Array)
#4 /var/www/sandbook/sandbook/protected/models/LoginForm.php(52): UserIdentity->authenticate()
#5 /var/www/sandbook/framework/validators/CInlineValidator.php(42): LoginForm->authenticate('password', Array)
#6 /var/www/sandbook/framework/validators/CValidator.php(213): CInlineValidator->validateAttribute(Object(LoginForm), 'password')
#7 /var/www/sandbook/framework/base/CModel.php(159): CValidator->validate(Object(LoginForm), NULL)
#8 /var/www/sandbook/sandbook/protected/controllers/SiteController.php(94): CModel->validate()
#9 /var/www/sandbook/framework/web/actions/CInlineAction.php(49): SiteController->actionLogin()
#10 /var/www/sandbook/framework/web/CController.php(308): CInlineAction->runWithParams(Array)
#11 /var/www/sandbook/framework/web/CController.php(286): CController->runAction(Object(CInlineAction))
#12 /var/www/sandbook/framework/web/CController.php(265): CController->runActionWithFilters(Object(CInlineAction), Array)
#13 /var/www/sandbook/framework/web/CWebApplication.php(282): CController->run('login')
#14 /var/www/sandbook/framework/web/CWebApplication.php(141): CWebApplication->runController('site/login')
#15 /var/www/sandbook/framework/base/CApplication.php(169): CWebApplication->processRequest()
#16 /var/www/sandbook/sandbook/index.php(13): CApplication->run()
#17 {main}
REQUEST_URI=/index.php/site/login
HTTP_REFERER=http://sandbook/index.php/site/login
---
2013/08/01 16:08:38 [error] [exception.CException] exception 'CException' with message 'Property "UserIdentity.email" is not defined.' in /var/www/sandbook/framework/base/CComponent.php:130
Stack trace:
#0 /var/www/sandbook/sandbook/protected/components/UserIdentity.php(27): CComponent->__get('email')
#1 /var/www/sandbook/sandbook/protected/models/LoginForm.php(52): UserIdentity->authenticate()
#2 /var/www/sandbook/framework/validators/CInlineValidator.php(42): LoginForm->authenticate('password', Array)
#3 /var/www/sandbook/framework/validators/CValidator.php(213): CInlineValidator->validateAttribute(Object(LoginForm), 'password')
#4 /var/www/sandbook/framework/base/CModel.php(159): CValidator->validate(Object(LoginForm), NULL)
#5 /var/www/sandbook/sandbook/protected/controllers/SiteController.php(94): CModel->validate()
#6 /var/www/sandbook/framework/web/actions/CInlineAction.php(49): SiteController->actionLogin()
#7 /var/www/sandbook/framework/web/CController.php(308): CInlineAction->runWithParams(Array)
#8 /var/www/sandbook/framework/web/CController.php(286): CController->runAction(Object(CInlineAction))
#9 /var/www/sandbook/framework/web/CController.php(265): CController->runActionWithFilters(Object(CInlineAction), Array)
#10 /var/www/sandbook/framework/web/CWebApplication.php(282): CController->run('login')
#11 /var/www/sandbook/framework/web/CWebApplication.php(141): CWebApplication->runController('site/login')
#12 /var/www/sandbook/framework/base/CApplication.php(169): CWebApplication->processRequest()
#13 /var/www/sandbook/sandbook/index.php(13): CApplication->run()
#14 {main}
REQUEST_URI=/index.php/site/login
HTTP_REFERER=http://sandbook/index.php/site/login
---
2013/08/01 16:10:34 [error] [system.db.CDbCommand] CDbCommand::fetch() failed: SQLSTATE[42S22]: Column not found: 1054 Unknown column 'username' in 'where clause'. The SQL statement executed was: SELECT * FROM `user` `t` WHERE LOWER(username) = :email LIMIT 1.
in /var/www/sandbook/sandbook/protected/components/UserIdentity.php (28)
in /var/www/sandbook/sandbook/protected/models/LoginForm.php (52)
in /var/www/sandbook/sandbook/protected/controllers/SiteController.php (94)
2013/08/01 16:10:34 [error] [exception.CDbException] exception 'CDbException' with message 'CDbCommand failed to execute the SQL statement: SQLSTATE[42S22]: Column not found: 1054 Unknown column 'username' in 'where clause'. The SQL statement executed was: SELECT * FROM `user` `t` WHERE LOWER(username) = :email LIMIT 1' in /var/www/sandbook/framework/db/CDbCommand.php:541
Stack trace:
#0 /var/www/sandbook/framework/db/CDbCommand.php(414): CDbCommand->queryInternal('fetch', Array, Array)
#1 /var/www/sandbook/framework/db/ar/CActiveRecord.php(1297): CDbCommand->queryRow()
#2 /var/www/sandbook/framework/db/ar/CActiveRecord.php(1402): CActiveRecord->query(Object(CDbCriteria))
#3 /var/www/sandbook/sandbook/protected/components/UserIdentity.php(28): CActiveRecord->find('LOWER(username)...', Array)
#4 /var/www/sandbook/sandbook/protected/models/LoginForm.php(52): UserIdentity->authenticate()
#5 /var/www/sandbook/framework/validators/CInlineValidator.php(42): LoginForm->authenticate('password', Array)
#6 /var/www/sandbook/framework/validators/CValidator.php(213): CInlineValidator->validateAttribute(Object(LoginForm), 'password')
#7 /var/www/sandbook/framework/base/CModel.php(159): CValidator->validate(Object(LoginForm), NULL)
#8 /var/www/sandbook/sandbook/protected/controllers/SiteController.php(94): CModel->validate()
#9 /var/www/sandbook/framework/web/actions/CInlineAction.php(49): SiteController->actionLogin()
#10 /var/www/sandbook/framework/web/CController.php(308): CInlineAction->runWithParams(Array)
#11 /var/www/sandbook/framework/web/CController.php(286): CController->runAction(Object(CInlineAction))
#12 /var/www/sandbook/framework/web/CController.php(265): CController->runActionWithFilters(Object(CInlineAction), Array)
#13 /var/www/sandbook/framework/web/CWebApplication.php(282): CController->run('login')
#14 /var/www/sandbook/framework/web/CWebApplication.php(141): CWebApplication->runController('site/login')
#15 /var/www/sandbook/framework/base/CApplication.php(169): CWebApplication->processRequest()
#16 /var/www/sandbook/sandbook/index.php(13): CApplication->run()
#17 {main}
REQUEST_URI=/index.php/site/login
HTTP_REFERER=http://sandbook/index.php/site/login
---
2013/08/01 16:17:07 [error] [system.db.CDbCommand] CDbCommand::fetch() failed: SQLSTATE[42S22]: Column not found: 1054 Unknown column 'username' in 'where clause'. The SQL statement executed was: SELECT * FROM `user` `t` WHERE LOWER(username) = :email LIMIT 1.
in /var/www/sandbook/sandbook/protected/components/UserIdentity.php (29)
in /var/www/sandbook/sandbook/protected/models/LoginForm.php (52)
in /var/www/sandbook/sandbook/protected/controllers/SiteController.php (94)
2013/08/01 16:17:07 [error] [exception.CDbException] exception 'CDbException' with message 'CDbCommand failed to execute the SQL statement: SQLSTATE[42S22]: Column not found: 1054 Unknown column 'username' in 'where clause'. The SQL statement executed was: SELECT * FROM `user` `t` WHERE LOWER(username) = :email LIMIT 1' in /var/www/sandbook/framework/db/CDbCommand.php:541
Stack trace:
#0 /var/www/sandbook/framework/db/CDbCommand.php(414): CDbCommand->queryInternal('fetch', Array, Array)
#1 /var/www/sandbook/framework/db/ar/CActiveRecord.php(1297): CDbCommand->queryRow()
#2 /var/www/sandbook/framework/db/ar/CActiveRecord.php(1402): CActiveRecord->query(Object(CDbCriteria))
#3 /var/www/sandbook/sandbook/protected/components/UserIdentity.php(29): CActiveRecord->find('LOWER(username)...', Array)
#4 /var/www/sandbook/sandbook/protected/models/LoginForm.php(52): UserIdentity->authenticate()
#5 /var/www/sandbook/framework/validators/CInlineValidator.php(42): LoginForm->authenticate('password', Array)
#6 /var/www/sandbook/framework/validators/CValidator.php(213): CInlineValidator->validateAttribute(Object(LoginForm), 'password')
#7 /var/www/sandbook/framework/base/CModel.php(159): CValidator->validate(Object(LoginForm), NULL)
#8 /var/www/sandbook/sandbook/protected/controllers/SiteController.php(94): CModel->validate()
#9 /var/www/sandbook/framework/web/actions/CInlineAction.php(49): SiteController->actionLogin()
#10 /var/www/sandbook/framework/web/CController.php(308): CInlineAction->runWithParams(Array)
#11 /var/www/sandbook/framework/web/CController.php(286): CController->runAction(Object(CInlineAction))
#12 /var/www/sandbook/framework/web/CController.php(265): CController->runActionWithFilters(Object(CInlineAction), Array)
#13 /var/www/sandbook/framework/web/CWebApplication.php(282): CController->run('login')
#14 /var/www/sandbook/framework/web/CWebApplication.php(141): CWebApplication->runController('site/login')
#15 /var/www/sandbook/framework/base/CApplication.php(169): CWebApplication->processRequest()
#16 /var/www/sandbook/sandbook/index.php(13): CApplication->run()
#17 {main}
REQUEST_URI=/index.php/site/login
HTTP_REFERER=http://sandbook/index.php/site/login
---
2013/08/01 16:17:11 [error] [system.db.CDbCommand] CDbCommand::fetch() failed: SQLSTATE[42S22]: Column not found: 1054 Unknown column 'username' in 'where clause'. The SQL statement executed was: SELECT * FROM `user` `t` WHERE LOWER(username) = :email LIMIT 1.
in /var/www/sandbook/sandbook/protected/components/UserIdentity.php (29)
in /var/www/sandbook/sandbook/protected/models/LoginForm.php (52)
in /var/www/sandbook/sandbook/protected/controllers/SiteController.php (94)
2013/08/01 16:17:11 [error] [exception.CDbException] exception 'CDbException' with message 'CDbCommand failed to execute the SQL statement: SQLSTATE[42S22]: Column not found: 1054 Unknown column 'username' in 'where clause'. The SQL statement executed was: SELECT * FROM `user` `t` WHERE LOWER(username) = :email LIMIT 1' in /var/www/sandbook/framework/db/CDbCommand.php:541
Stack trace:
#0 /var/www/sandbook/framework/db/CDbCommand.php(414): CDbCommand->queryInternal('fetch', Array, Array)
#1 /var/www/sandbook/framework/db/ar/CActiveRecord.php(1297): CDbCommand->queryRow()
#2 /var/www/sandbook/framework/db/ar/CActiveRecord.php(1402): CActiveRecord->query(Object(CDbCriteria))
#3 /var/www/sandbook/sandbook/protected/components/UserIdentity.php(29): CActiveRecord->find('LOWER(username)...', Array)
#4 /var/www/sandbook/sandbook/protected/models/LoginForm.php(52): UserIdentity->authenticate()
#5 /var/www/sandbook/framework/validators/CInlineValidator.php(42): LoginForm->authenticate('password', Array)
#6 /var/www/sandbook/framework/validators/CValidator.php(213): CInlineValidator->validateAttribute(Object(LoginForm), 'password')
#7 /var/www/sandbook/framework/base/CModel.php(159): CValidator->validate(Object(LoginForm), NULL)
#8 /var/www/sandbook/sandbook/protected/controllers/SiteController.php(94): CModel->validate()
#9 /var/www/sandbook/framework/web/actions/CInlineAction.php(49): SiteController->actionLogin()
#10 /var/www/sandbook/framework/web/CController.php(308): CInlineAction->runWithParams(Array)
#11 /var/www/sandbook/framework/web/CController.php(286): CController->runAction(Object(CInlineAction))
#12 /var/www/sandbook/framework/web/CController.php(265): CController->runActionWithFilters(Object(CInlineAction), Array)
#13 /var/www/sandbook/framework/web/CWebApplication.php(282): CController->run('login')
#14 /var/www/sandbook/framework/web/CWebApplication.php(141): CWebApplication->runController('site/login')
#15 /var/www/sandbook/framework/base/CApplication.php(169): CWebApplication->processRequest()
#16 /var/www/sandbook/sandbook/index.php(13): CApplication->run()
#17 {main}
REQUEST_URI=/index.php/site/login
HTTP_REFERER=http://sandbook/index.php/site/login
---
2013/08/01 16:22:58 [error] [exception.CException] exception 'CException' with message 'Property "LoginForm.email" is not defined.' in /var/www/sandbook/framework/base/CComponent.php:130
Stack trace:
#0 /var/www/sandbook/framework/web/helpers/CHtml.php(2255): CComponent->__get('email')
#1 /var/www/sandbook/framework/web/helpers/CHtml.php(1980): CHtml::resolveValue(Object(LoginForm), 'email')
#2 /var/www/sandbook/framework/web/helpers/CHtml.php(1257): CHtml::activeInputField('text', Object(LoginForm), 'email', Array)
#3 /var/www/sandbook/framework/web/widgets/CActiveForm.php(657): CHtml::activeTextField(Object(LoginForm), 'email', Array)
#4 /var/www/sandbook/sandbook/protected/views/site/login.php(29): CActiveForm->textField(Object(LoginForm), 'email')
#5 /var/www/sandbook/framework/web/CBaseController.php(126): require('/var/www/sandbo...')
#6 /var/www/sandbook/framework/web/CBaseController.php(95): CBaseController->renderInternal('/var/www/sandbo...', Array, true)
#7 /var/www/sandbook/framework/web/CController.php(869): CBaseController->renderFile('/var/www/sandbo...', Array, true)
#8 /var/www/sandbook/framework/web/CController.php(782): CController->renderPartial('login', Array, true)
#9 /var/www/sandbook/sandbook/protected/controllers/SiteController.php(98): CController->render('login', Array)
#10 /var/www/sandbook/framework/web/actions/CInlineAction.php(49): SiteController->actionLogin()
#11 /var/www/sandbook/framework/web/CController.php(308): CInlineAction->runWithParams(Array)
#12 /var/www/sandbook/framework/web/CController.php(286): CController->runAction(Object(CInlineAction))
#13 /var/www/sandbook/framework/web/CController.php(265): CController->runActionWithFilters(Object(CInlineAction), Array)
#14 /var/www/sandbook/framework/web/CWebApplication.php(282): CController->run('login')
#15 /var/www/sandbook/framework/web/CWebApplication.php(141): CWebApplication->runController('site/login')
#16 /var/www/sandbook/framework/base/CApplication.php(169): CWebApplication->processRequest()
#17 /var/www/sandbook/sandbook/index.php(13): CApplication->run()
#18 {main}
REQUEST_URI=/index.php/site/login
---
2013/08/01 16:23:01 [error] [exception.CException] exception 'CException' with message 'Property "LoginForm.email" is not defined.' in /var/www/sandbook/framework/base/CComponent.php:130
Stack trace:
#0 /var/www/sandbook/framework/web/helpers/CHtml.php(2255): CComponent->__get('email')
#1 /var/www/sandbook/framework/web/helpers/CHtml.php(1980): CHtml::resolveValue(Object(LoginForm), 'email')
#2 /var/www/sandbook/framework/web/helpers/CHtml.php(1257): CHtml::activeInputField('text', Object(LoginForm), 'email', Array)
#3 /var/www/sandbook/framework/web/widgets/CActiveForm.php(657): CHtml::activeTextField(Object(LoginForm), 'email', Array)
#4 /var/www/sandbook/sandbook/protected/views/site/login.php(29): CActiveForm->textField(Object(LoginForm), 'email')
#5 /var/www/sandbook/framework/web/CBaseController.php(126): require('/var/www/sandbo...')
#6 /var/www/sandbook/framework/web/CBaseController.php(95): CBaseController->renderInternal('/var/www/sandbo...', Array, true)
#7 /var/www/sandbook/framework/web/CController.php(869): CBaseController->renderFile('/var/www/sandbo...', Array, true)
#8 /var/www/sandbook/framework/web/CController.php(782): CController->renderPartial('login', Array, true)
#9 /var/www/sandbook/sandbook/protected/controllers/SiteController.php(98): CController->render('login', Array)
#10 /var/www/sandbook/framework/web/actions/CInlineAction.php(49): SiteController->actionLogin()
#11 /var/www/sandbook/framework/web/CController.php(308): CInlineAction->runWithParams(Array)
#12 /var/www/sandbook/framework/web/CController.php(286): CController->runAction(Object(CInlineAction))
#13 /var/www/sandbook/framework/web/CController.php(265): CController->runActionWithFilters(Object(CInlineAction), Array)
#14 /var/www/sandbook/framework/web/CWebApplication.php(282): CController->run('login')
#15 /var/www/sandbook/framework/web/CWebApplication.php(141): CWebApplication->runController('site/login')
#16 /var/www/sandbook/framework/base/CApplication.php(169): CWebApplication->processRequest()
#17 /var/www/sandbook/sandbook/index.php(13): CApplication->run()
#18 {main}
REQUEST_URI=/index.php/site/login
---
2013/08/01 16:23:04 [error] [exception.CException] exception 'CException' with message 'Property "LoginForm.email" is not defined.' in /var/www/sandbook/framework/base/CComponent.php:130
Stack trace:
#0 /var/www/sandbook/framework/web/helpers/CHtml.php(2255): CComponent->__get('email')
#1 /var/www/sandbook/framework/web/helpers/CHtml.php(1980): CHtml::resolveValue(Object(LoginForm), 'email')
#2 /var/www/sandbook/framework/web/helpers/CHtml.php(1257): CHtml::activeInputField('text', Object(LoginForm), 'email', Array)
#3 /var/www/sandbook/framework/web/widgets/CActiveForm.php(657): CHtml::activeTextField(Object(LoginForm), 'email', Array)
#4 /var/www/sandbook/sandbook/protected/views/site/login.php(29): CActiveForm->textField(Object(LoginForm), 'email')
#5 /var/www/sandbook/framework/web/CBaseController.php(126): require('/var/www/sandbo...')
#6 /var/www/sandbook/framework/web/CBaseController.php(95): CBaseController->renderInternal('/var/www/sandbo...', Array, true)
#7 /var/www/sandbook/framework/web/CController.php(869): CBaseController->renderFile('/var/www/sandbo...', Array, true)
#8 /var/www/sandbook/framework/web/CController.php(782): CController->renderPartial('login', Array, true)
#9 /var/www/sandbook/sandbook/protected/controllers/SiteController.php(98): CController->render('login', Array)
#10 /var/www/sandbook/framework/web/actions/CInlineAction.php(49): SiteController->actionLogin()
#11 /var/www/sandbook/framework/web/CController.php(308): CInlineAction->runWithParams(Array)
#12 /var/www/sandbook/framework/web/CController.php(286): CController->runAction(Object(CInlineAction))
#13 /var/www/sandbook/framework/web/CController.php(265): CController->runActionWithFilters(Object(CInlineAction), Array)
#14 /var/www/sandbook/framework/web/CWebApplication.php(282): CController->run('login')
#15 /var/www/sandbook/framework/web/CWebApplication.php(141): CWebApplication->runController('site/login')
#16 /var/www/sandbook/framework/base/CApplication.php(169): CWebApplication->processRequest()
#17 /var/www/sandbook/sandbook/index.php(13): CApplication->run()
#18 {main}
REQUEST_URI=/index.php/site/login
---
2013/08/01 16:26:49 [error] [exception.CException] exception 'CException' with message 'Property "LoginForm.username" is not defined.' in /var/www/sandbook/framework/base/CComponent.php:130
Stack trace:
#0 /var/www/sandbook/framework/web/helpers/CHtml.php(2255): CComponent->__get('username')
#1 /var/www/sandbook/framework/web/helpers/CHtml.php(1980): CHtml::resolveValue(Object(LoginForm), 'username')
#2 /var/www/sandbook/framework/web/helpers/CHtml.php(1257): CHtml::activeInputField('text', Object(LoginForm), 'username', Array)
#3 /var/www/sandbook/framework/web/widgets/CActiveForm.php(657): CHtml::activeTextField(Object(LoginForm), 'username', Array)
#4 /var/www/sandbook/sandbook/protected/views/site/login.php(29): CActiveForm->textField(Object(LoginForm), 'username')
#5 /var/www/sandbook/framework/web/CBaseController.php(126): require('/var/www/sandbo...')
#6 /var/www/sandbook/framework/web/CBaseController.php(95): CBaseController->renderInternal('/var/www/sandbo...', Array, true)
#7 /var/www/sandbook/framework/web/CController.php(869): CBaseController->renderFile('/var/www/sandbo...', Array, true)
#8 /var/www/sandbook/framework/web/CController.php(782): CController->renderPartial('login', Array, true)
#9 /var/www/sandbook/sandbook/protected/controllers/SiteController.php(98): CController->render('login', Array)
#10 /var/www/sandbook/framework/web/actions/CInlineAction.php(49): SiteController->actionLogin()
#11 /var/www/sandbook/framework/web/CController.php(308): CInlineAction->runWithParams(Array)
#12 /var/www/sandbook/framework/web/CController.php(286): CController->runAction(Object(CInlineAction))
#13 /var/www/sandbook/framework/web/CController.php(265): CController->runActionWithFilters(Object(CInlineAction), Array)
#14 /var/www/sandbook/framework/web/CWebApplication.php(282): CController->run('login')
#15 /var/www/sandbook/framework/web/CWebApplication.php(141): CWebApplication->runController('site/login')
#16 /var/www/sandbook/framework/base/CApplication.php(169): CWebApplication->processRequest()
#17 /var/www/sandbook/sandbook/index.php(13): CApplication->run()
#18 {main}
REQUEST_URI=/index.php/site/login
HTTP_REFERER=http://sandbook/index.php
---
2013/08/01 16:41:50 [error] [system.db.CDbCommand] CDbCommand::fetch() failed: SQLSTATE[42S22]: Column not found: 1054 Unknown column 'email3' in 'where clause'. The SQL statement executed was: SELECT * FROM `user` `t` WHERE LOWER(email3) = :email LIMIT 1.
in /var/www/sandbook/sandbook/protected/components/UserIdentity.php (29)
in /var/www/sandbook/sandbook/protected/models/LoginForm.php (54)
in /var/www/sandbook/sandbook/protected/controllers/SiteController.php (95)
2013/08/01 16:41:50 [error] [exception.CDbException] exception 'CDbException' with message 'CDbCommand failed to execute the SQL statement: SQLSTATE[42S22]: Column not found: 1054 Unknown column 'email3' in 'where clause'. The SQL statement executed was: SELECT * FROM `user` `t` WHERE LOWER(email3) = :email LIMIT 1' in /var/www/sandbook/framework/db/CDbCommand.php:541
Stack trace:
#0 /var/www/sandbook/framework/db/CDbCommand.php(414): CDbCommand->queryInternal('fetch', Array, Array)
#1 /var/www/sandbook/framework/db/ar/CActiveRecord.php(1297): CDbCommand->queryRow()
#2 /var/www/sandbook/framework/db/ar/CActiveRecord.php(1402): CActiveRecord->query(Object(CDbCriteria))
#3 /var/www/sandbook/sandbook/protected/components/UserIdentity.php(29): CActiveRecord->find('LOWER(email3) =...', Array)
#4 /var/www/sandbook/sandbook/protected/models/LoginForm.php(54): UserIdentity->authenticate()
#5 /var/www/sandbook/framework/validators/CInlineValidator.php(42): LoginForm->authenticate('password', Array)
#6 /var/www/sandbook/framework/validators/CValidator.php(213): CInlineValidator->validateAttribute(Object(LoginForm), 'password')
#7 /var/www/sandbook/framework/base/CModel.php(159): CValidator->validate(Object(LoginForm), NULL)
#8 /var/www/sandbook/sandbook/protected/controllers/SiteController.php(95): CModel->validate()
#9 /var/www/sandbook/framework/web/actions/CInlineAction.php(49): SiteController->actionLogin()
#10 /var/www/sandbook/framework/web/CController.php(308): CInlineAction->runWithParams(Array)
#11 /var/www/sandbook/framework/web/CController.php(286): CController->runAction(Object(CInlineAction))
#12 /var/www/sandbook/framework/web/CController.php(265): CController->runActionWithFilters(Object(CInlineAction), Array)
#13 /var/www/sandbook/framework/web/CWebApplication.php(282): CController->run('login')
#14 /var/www/sandbook/framework/web/CWebApplication.php(141): CWebApplication->runController('site/login')
#15 /var/www/sandbook/framework/base/CApplication.php(169): CWebApplication->processRequest()
#16 /var/www/sandbook/sandbook/index.php(13): CApplication->run()
#17 {main}
REQUEST_URI=/index.php/site/login
HTTP_REFERER=http://sandbook/index.php/site/login
---
2013/08/26 21:44:25 [error] [exception.CException] exception 'CException' with message 'User and its behaviors do not have a method or closure named "validatePassword".' in /var/www/sandbook/framework/base/CComponent.php:265
Stack trace:
#0 /var/www/sandbook/framework/db/ar/CActiveRecord.php(225): CComponent->__call('validatePasswor...', Array)
#1 /var/www/sandbook/sandbook/protected/components/UserIdentity.php(33): CActiveRecord->__call('validatePasswor...', Array)
#2 /var/www/sandbook/sandbook/protected/components/UserIdentity.php(33): User->validatePassword('bojan')
#3 /var/www/sandbook/sandbook/protected/models/LoginForm.php(54): UserIdentity->authenticate()
#4 /var/www/sandbook/framework/validators/CInlineValidator.php(42): LoginForm->authenticate('password', Array)
#5 /var/www/sandbook/framework/validators/CValidator.php(213): CInlineValidator->validateAttribute(Object(LoginForm), 'password')
#6 /var/www/sandbook/framework/base/CModel.php(159): CValidator->validate(Object(LoginForm), NULL)
#7 /var/www/sandbook/sandbook/protected/controllers/SiteController.php(95): CModel->validate()
#8 /var/www/sandbook/framework/web/actions/CInlineAction.php(49): SiteController->actionLogin()
#9 /var/www/sandbook/framework/web/CController.php(308): CInlineAction->runWithParams(Array)
#10 /var/www/sandbook/framework/web/CController.php(286): CController->runAction(Object(CInlineAction))
#11 /var/www/sandbook/framework/web/CController.php(265): CController->runActionWithFilters(Object(CInlineAction), Array)
#12 /var/www/sandbook/framework/web/CWebApplication.php(282): CController->run('login')
#13 /var/www/sandbook/framework/web/CWebApplication.php(141): CWebApplication->runController('site/login')
#14 /var/www/sandbook/framework/base/CApplication.php(169): CWebApplication->processRequest()
#15 /var/www/sandbook/sandbook/index.php(13): CApplication->run()
#16 {main}
REQUEST_URI=/index.php/site/login
HTTP_REFERER=http://sandbook/index.php/site/login
---
2013/08/26 21:55:59 [error] [php] include(CPasswordHelper.php): failed to open stream: No such file or directory (/var/www/sandbook/framework/YiiBase.php:421)
Stack trace:
#0 /var/www/sandbook/sandbook/protected/models/User.php(116): spl_autoload_call()
#1 /var/www/sandbook/sandbook/protected/components/UserIdentity.php(31): User->validatePassword()
#2 /var/www/sandbook/sandbook/protected/models/LoginForm.php(54): UserIdentity->authenticate()
#3 /var/www/sandbook/framework/validators/CInlineValidator.php(42): LoginForm->authenticate()
#4 /var/www/sandbook/framework/validators/CValidator.php(213): CInlineValidator->validateAttribute()
#5 /var/www/sandbook/framework/base/CModel.php(159): CInlineValidator->validate()
#6 /var/www/sandbook/sandbook/protected/controllers/SiteController.php(95): LoginForm->validate()
#7 /var/www/sandbook/framework/web/actions/CInlineAction.php(49): SiteController->actionLogin()
#8 /var/www/sandbook/framework/web/CController.php(308): CInlineAction->runWithParams()
#9 /var/www/sandbook/framework/web/CController.php(286): SiteController->runAction()
#10 /var/www/sandbook/framework/web/CController.php(265): SiteController->runActionWithFilters()
#11 /var/www/sandbook/framework/web/CWebApplication.php(282): SiteController->run()
#12 /var/www/sandbook/framework/web/CWebApplication.php(141): CWebApplication->runController()
#13 /var/www/sandbook/framework/base/CApplication.php(169): CWebApplication->processRequest()
#14 /var/www/sandbook/sandbook/index.php(13): CWebApplication->run()
REQUEST_URI=/index.php/site/login
in /var/www/sandbook/sandbook/protected/models/User.php (116)
in /var/www/sandbook/sandbook/protected/components/UserIdentity.php (31)
in /var/www/sandbook/sandbook/protected/models/LoginForm.php (54)
2013/08/26 21:58:48 [error] [php] include(CPasswordHelper.php): failed to open stream: No such file or directory (/var/www/sandbook/framework/YiiBase.php:421)
Stack trace:
#0 /var/www/sandbook/sandbook/protected/models/User.php(116): spl_autoload_call()
#1 /var/www/sandbook/sandbook/protected/components/UserIdentity.php(31): User->validatePassword()
#2 /var/www/sandbook/sandbook/protected/models/LoginForm.php(54): UserIdentity->authenticate()
#3 /var/www/sandbook/framework/validators/CInlineValidator.php(42): LoginForm->authenticate()
#4 /var/www/sandbook/framework/validators/CValidator.php(213): CInlineValidator->validateAttribute()
#5 /var/www/sandbook/framework/base/CModel.php(159): CInlineValidator->validate()
#6 /var/www/sandbook/sandbook/protected/controllers/SiteController.php(95): LoginForm->validate()
#7 /var/www/sandbook/framework/web/actions/CInlineAction.php(49): SiteController->actionLogin()
#8 /var/www/sandbook/framework/web/CController.php(308): CInlineAction->runWithParams()
#9 /var/www/sandbook/framework/web/CController.php(286): SiteController->runAction()
#10 /var/www/sandbook/framework/web/CController.php(265): SiteController->runActionWithFilters()
#11 /var/www/sandbook/framework/web/CWebApplication.php(282): SiteController->run()
#12 /var/www/sandbook/framework/web/CWebApplication.php(141): CWebApplication->runController()
#13 /var/www/sandbook/framework/base/CApplication.php(169): CWebApplication->processRequest()
#14 /var/www/sandbook/sandbook/index.php(13): CWebApplication->run()
REQUEST_URI=/index.php/site/login
in /var/www/sandbook/sandbook/protected/models/User.php (116)
in /var/www/sandbook/sandbook/protected/components/UserIdentity.php (31)
in /var/www/sandbook/sandbook/protected/models/LoginForm.php (54)
2013/08/26 22:08:40 [error] [php] include(CPasswordHelper.php): failed to open stream: No such file or directory (/var/www/sandbook/framework/YiiBase.php:421)
Stack trace:
#0 /var/www/sandbook/sandbook/protected/models/User.php(116): spl_autoload_call()
#1 /var/www/sandbook/sandbook/protected/components/UserIdentity.php(31): User->validatePassword()
#2 /var/www/sandbook/sandbook/protected/models/LoginForm.php(54): UserIdentity->authenticate()
#3 /var/www/sandbook/framework/validators/CInlineValidator.php(42): LoginForm->authenticate()
#4 /var/www/sandbook/framework/validators/CValidator.php(213): CInlineValidator->validateAttribute()
#5 /var/www/sandbook/framework/base/CModel.php(159): CInlineValidator->validate()
#6 /var/www/sandbook/sandbook/protected/controllers/SiteController.php(95): LoginForm->validate()
#7 /var/www/sandbook/framework/web/actions/CInlineAction.php(49): SiteController->actionLogin()
#8 /var/www/sandbook/framework/web/CController.php(308): CInlineAction->runWithParams()
#9 /var/www/sandbook/framework/web/CController.php(286): SiteController->runAction()
#10 /var/www/sandbook/framework/web/CController.php(265): SiteController->runActionWithFilters()
#11 /var/www/sandbook/framework/web/CWebApplication.php(282): SiteController->run()
#12 /var/www/sandbook/framework/web/CWebApplication.php(141): CWebApplication->runController()
#13 /var/www/sandbook/framework/base/CApplication.php(169): CWebApplication->processRequest()
#14 /var/www/sandbook/sandbook/index.php(13): CWebApplication->run()
REQUEST_URI=/index.php/site/login
in /var/www/sandbook/sandbook/protected/models/User.php (116)
in /var/www/sandbook/sandbook/protected/components/UserIdentity.php (31)
in /var/www/sandbook/sandbook/protected/models/LoginForm.php (54)
